Add Pin To Net: Unknown Pin: Pin U8-1
Add Pin To Net: Unknown Pin: Pin U8-2
Add Pin To Net: Unknown Pin: Pin U8-3
Add Pin To Net: Unknown Pin: Pin U8-9
Add Pin To Net: Unknown Pin: Pin U8-12
Add Pin To Net: Unknown Pin: Pin U8-13
Add Pin To Net: Unknown Pin: Pin U8-14
Add Pin To Net: Unknown Pin: Pin U8-15
Add Pin To Net: Unknown Pin: Pin U8-16
Add Pin To Net: Unknown Pin: Pin U8-17
Add Pin To Net: Unknown Pin: Pin U8-18
Add Pin To Net: Unknown Pin: Pin U8-19
Add Pin To Net: Unknown Pin: Pin U8-20
Add Pin To Net: Unknown Pin: Pin U8-22
Add Pin To Net: Unknown Pin: Pin U8-31
Add Pin To Net: Unknown Pin: Pin U8-33
Add Pin To Net: Unknown Pin: Pin U8-34
Add Pin To Net: Unknown Pin: Pin U8-36
Add Pin To Net: Unknown Pin: Pin U8-41
Add Pin To Net: Unknown Pin: Pin U8-44
Add Pin To Net: Unknown Pin: Pin USB/OTG1-5
Add Pin To Net: Unknown Pin: Pin USB/OTG1-6
Add Net: Net with name "DRAM_VREF" already exists
Add Net: Net with name "DRX" already exists
Add Net: Net with name "DTX" already exists
Add Net: Net with name "LED_1" already exists
Add Net: Net with name "LED_2" already exists
Add Net: Net with name "LED_3" already exists
Add Net: Net with name "SDC1_CLK" already exists
Add Net: Net with name "SDC1_CMD" already exists
Add Net: Net with name "SDC1_D0" already exists
Add Net: Net with name "SDC1_D1" already exists
Add Net: Net with name "SDC1_D2" already exists
Add Net: Net with name "SDC1_D3" already exists
Add Net: Net with name "UART2_RX" already exists
Add Net: Net with name "UART2_TX" already exists
Add Net: Net with name "USB_N" already exists
Add Net: Net with name "USB_P" already exists
