Removed Pin From Net: NetName=5VIN Pin=C51-1
Removed Pin From Net: NetName=GND Pin=C51-2
Removed Pin From Net: NetName=5VIN Pin=USB/OTG1-1
Removed Pin From Net: NetName=GND Pin=USB/OTG1-4
Removed Pin From Net: NetName=GND Pin=USB/OTG1-7
Removed Pin From Net: NetName=GND Pin=USB/OTG1-8
Removed Member From Class: ClassName=linux-H-PIN Member=C51
Removed Member From Class: ClassName=linux-H-PIN Member=USB/OTG1
Add Net: Net with name "DRAM_VREF" already exists
Add Net: Net with name "DRX" already exists
Add Net: Net with name "DTX" already exists
Add Net: Net with name "LED_1" already exists
Add Net: Net with name "LED_2" already exists
Add Net: Net with name "LED_3" already exists
Add Net: Net with name "SDC1_CLK" already exists
Add Net: Net with name "SDC1_CMD" already exists
Add Net: Net with name "SDC1_D0" already exists
Add Net: Net with name "SDC1_D1" already exists
Add Net: Net with name "SDC1_D2" already exists
Add Net: Net with name "SDC1_D3" already exists
Add Net: Net with name "UART2_RX" already exists
Add Net: Net with name "UART2_TX" already exists
