Removed Pin From Net: NetName=EPHY-TXP Pin=J?-1
Removed Pin From Net: NetName=EPHY-TXN Pin=J?-2
Removed Pin From Net: NetName=EPHY-RXP Pin=J?-3
Removed Pin From Net: NetName=EPHY-RXN Pin=J?-4
Removed Pin From Net: NetName=LED_1 Pin=U1-6
Removed Pin From Net: NetName=LED_2 Pin=U1-7
Removed Pin From Net: NetName=LED_3 Pin=U1-8
Removed Pin From Net: NetName=Key1 Pin=U1-9
Removed Pin From Net: NetName=Key2 Pin=U1-10
Removed Pin From Net: NetName=NetC60_1 Pin=U1-114
Change Component Designator: OldDesignator=J? NewDesignator=J1
Change Component Designator: OldDesignator=J? NewDesignator=J2
Added Component: Designator=J3(T-4PIN)
Added Component: Designator=J4(T-4PIN)
Added Component: Designator=J5(T-4PIN)
Added Component: Designator=J6(T-4PIN)
Added Pin To Net: NetName=SDC0_D1 Pin=J1-1
Added Pin To Net: NetName=SDC0_D0 Pin=J1-2
Added Pin To Net: NetName=SDC0_CLK Pin=J1-3
Added Pin To Net: NetName=SDC0_CMD Pin=J1-4
Added Pin To Net: NetName=SDC0_D3 Pin=J2-1
Added Pin To Net: NetName=SDC0_D2 Pin=J2-2
Added Pin To Net: NetName=EPHY-TXP Pin=J2-3
Added Pin To Net: NetName=EPHY-TXN Pin=J2-4
Added Pin To Net: NetName=+3V3 Pin=J3-1
Added Pin To Net: NetName=UART2_TX Pin=J3-2
Added Pin To Net: NetName=UART2_RX Pin=J3-3
Added Pin To Net: NetName=GND Pin=J3-4
Added Pin To Net: NetName=EPHY-RXP Pin=J4-1
Added Pin To Net: NetName=EPHY-RXN Pin=J4-2
Added Pin To Net: NetName=+3V3 Pin=J6-1
Added Pin To Net: NetName=GND Pin=J6-4
Added Pin To Net: NetName=Key1 Pin=U1-13
Added Pin To Net: NetName=Key2 Pin=U1-14
Added Pin To Net: NetName=LED_1 Pin=U1-15
Added Pin To Net: NetName=LED_2 Pin=U1-16
Added Pin To Net: NetName=LED_3 Pin=U1-17
Added Pin To Net: NetName=CSI_SCK Pin=J6-3
Added Pin To Net: NetName=CSI_SCK Pin=U1-9
Added Net: Name=CSI_SCK
Added Pin To Net: NetName=CSI_SDA Pin=J6-2
Added Pin To Net: NetName=CSI_SDA Pin=U1-8
Added Net: Name=CSI_SDA
Added Pin To Net: NetName=MCSI-CKN Pin=J4-3
Added Pin To Net: NetName=MCSI-CKN Pin=U1-87
Added Net: Name=MCSI-CKN
Added Pin To Net: NetName=MCSI-CKP Pin=J4-4
Added Pin To Net: NetName=MCSI-CKP Pin=U1-86
Added Net: Name=MCSI-CKP
Added Pin To Net: NetName=MCSI-D0N Pin=J5-3
Added Pin To Net: NetName=MCSI-D0N Pin=U1-82
Added Net: Name=MCSI-D0N
Added Pin To Net: NetName=MCSI-D0P Pin=J5-4
Added Pin To Net: NetName=MCSI-D0P Pin=U1-81
Added Net: Name=MCSI-D0P
Added Pin To Net: NetName=MCSI-D1N Pin=J5-1
Added Pin To Net: NetName=MCSI-D1N Pin=U1-84
Added Net: Name=MCSI-D1N
Added Pin To Net: NetName=MCSI-D1P Pin=J5-2
Added Pin To Net: NetName=MCSI-D1P Pin=U1-83
Added Net: Name=MCSI-D1P
Added Pin To Net: NetName=MIC_IN Pin=U1-114
Added Net: Name=MIC_IN
Added Member To Class: ClassName=linux-H-zero Member=Component J1 HDR1x4
Added Member To Class: ClassName=linux-H-zero Member=Component J3 HDR1x4
Added Member To Class: ClassName=linux-H-zero Member=Component J4 HDR1x4
Added Member To Class: ClassName=linux-H-zero Member=Component J5 HDR1x4
Added Member To Class: ClassName=linux-H-zero Member=Component J6 HDR1x4
Added Room: Name=linux-H-pin
Added Room: Name=linux-H-zero
