Removed Pin From Net: NetName=RESET Pin=C1-1
Removed Pin From Net: NetName=RESET Pin=C2-1
Removed Pin From Net: NetName=+3V3 Pin=C2-2
Removed Pin From Net: NetName=5VIN Pin=C13-1
Removed Pin From Net: NetName=GND Pin=C13-2
Removed Pin From Net: NetName=GND Pin=C14-1
Removed Pin From Net: NetName=+3V3 Pin=C14-2
Removed Pin From Net: NetName=5VIN Pin=C17-1
Removed Pin From Net: NetName=GND Pin=C17-2
Removed Pin From Net: NetName=GND Pin=C18-1
Removed Pin From Net: NetName=+1V8 Pin=C18-2
Removed Pin From Net: NetName=5VIN Pin=C20-1
Removed Pin From Net: NetName=GND Pin=C20-2
Removed Pin From Net: NetName=+1V2 Pin=C21-2
Removed Pin From Net: NetName=5VIN Pin=C22-2
Removed Pin From Net: NetName=GND Pin=C25-1
Removed Pin From Net: NetName=+3V0 Pin=C25-2
Removed Pin From Net: NetName=DRAM_VREF Pin=C26-1
Removed Pin From Net: NetName=+1V8 Pin=C26-2
Removed Pin From Net: NetName=+3V3 Pin=C35-1
Removed Pin From Net: NetName=GND Pin=C35-2
Removed Pin From Net: NetName=DRAM_VREF Pin=C36-2
Removed Pin From Net: NetName=+1V8 Pin=C41-2
Removed Pin From Net: NetName=+1V8 Pin=C42-2
Removed Pin From Net: NetName=+1V2 Pin=C49-2
Removed Pin From Net: NetName=GND Pin=C50-1
Removed Pin From Net: NetName=+1V2 Pin=C50-2
Removed Pin From Net: NetName=+3V3 Pin=C51-1
Removed Pin From Net: NetName=+3V3 Pin=C52-1
Removed Pin From Net: NetName=GND Pin=C52-1
Removed Pin From Net: NetName=+3V3 Pin=C52-2
Removed Pin From Net: NetName=+3V3 Pin=R25-2
Removed Pin From Net: NetName=SDC1_CLK Pin=R26-2
Removed Pin From Net: NetName=SDC1_CMD Pin=R27-2
Removed Pin From Net: NetName=+3V3 Pin=R28-1
Removed Pin From Net: NetName=SDC1_D3 Pin=R28-2
Removed Pin From Net: NetName=SDC1_D2 Pin=R29-2
Removed Pin From Net: NetName=+3V3 Pin=R32-2
Removed Pin From Net: NetName=SDC1_D1 Pin=R33-1
Removed Pin From Net: NetName=+3V3 Pin=R33-2
Removed Pin From Net: NetName=SDC1_D0 Pin=R34-1
Removed Pin From Net: NetName=+3V3 Pin=R34-2
Removed Pin From Net: NetName=RESET Pin=RSET1-1
Removed Pin From Net: NetName=GND Pin=RSET1-2
Removed Pin From Net: NetName=NetR24_2 Pin=SD1-1
Removed Pin From Net: NetName=NetR23_2 Pin=SD1-2
Removed Pin From Net: NetName=NetR22_2 Pin=SD1-3
Removed Member From Class: ClassName=linux-H-Power Member=C15
Removed Member From Class: ClassName=linux-H-Power Member=C16
Removed Member From Class: ClassName=linux-H-Power Member=C19
Removed Member From Class: ClassName=linux-H-Power Member=C50
Removed Member From Class: ClassName=linux-H-Power Member=LED1
Removed Member From Class: ClassName=linux-H-Power Member=LED2
Removed Member From Class: ClassName=linux-H-Power Member=LED3
Removed Member From Class: ClassName=linux-H-Power Member=LED4
Removed Member From Class: ClassName=linux-H-Power Member=POWER/TTL1
Removed Member From Class: ClassName=linux-H-Power Member=R7
Removed Member From Class: ClassName=linux-H-Power Member=R9
Removed Member From Class: ClassName=linux-H-Power Member=R13
Removed Member From Class: ClassName=linux-H-Power Member=R15
Removed Member From Class: ClassName=linux-H-Power Member=R17
Removed Member From Class: ClassName=linux-H-Power Member=R18
Removed Member From Class: ClassName=linux-H-Power Member=U3
Removed Member From Class: ClassName=linux-H-Power Member=U6
Change Footprint: Cannot match pads with new footprint in component :SD1 Footprint:TF-SOCKET - short
Change Component Comment : Designator=C38 Old Comment=1uF New Comment=100nF
Change Component Comment : Designator=C22 Old Comment=4.7uF New Comment=10uF
Change Component Comment : Designator=R21 Old Comment=10K New Comment=2K
Change Component Comment : Designator=R26 Old Comment=10K New Comment=2K
Change Component Comment : Designator=R27 Old Comment=10K New Comment=2K
Change Component Comment : Designator=C1 Old Comment=10uF New Comment=1uF
Change Component Comment : Designator=C21 Old Comment=10uF New Comment=4.7uF
Change Component Comment : Designator=C23 Old Comment=10uF New Comment=100nF
Change Component Comment : Designator=C37 Old Comment=10uF New Comment=100nF
Change Component Comment : Designator=C53 Old Comment=10uF New Comment=100nF
Change Component Comment : Designator=C54 Old Comment=10uF New Comment=100nF
Change Component Comment : Designator=C36 Old Comment=100nF New Comment=1uF
Change Component Comment : Designator=C35 Old Comment=100nF New Comment=10uF
Change Component Comment : Designator=C50 Old Comment=100nF New Comment=10uF
Change Component Comment : Designator=C51 Old Comment=100nF New Comment=10uF
Change Component Comment : Designator=C52 Old Comment=100nF New Comment=10uF
Change Component Comment : Designator=SD1 Old Comment=SD New Comment=TF-nano
Change component parameters: Designator = "C1" ("C1"); Footprint = "C0603-S"; UniqueID = "\HOCSPUCV" ("\HOCSPUCV")
Change component parameters: Designator = "C2" ("C2"); Footprint = "C0603-S"; UniqueID = "\BUEKEJKP" ("\BUEKEJKP")
Change component parameters (AddParameter): Name = "BOM_Manufacturer"; Value = "Taiyo Yuden"; VariantName = "[No Variations]"
Change component parameters (AddParameter): Name = "BOM_Manufacturer Part"; Value = "AMK107BJ106MA-T"; VariantName = "[No Variations]"
Change component parameters (AddParameter): Name = "BOM_Supplier"; Value = "LCSC"; VariantName = "[No Variations]"
Change component parameters (AddParameter): Name = "BOM_Supplier Part"; Value = "C524952"; VariantName = "[No Variations]"
Change component parameters (AddParameter): Name = "Contributor"; Value = "LCSC"; VariantName = "[No Variations]"
Change component parameters (AddParameter): Name = "nameAlias"; Value = "Capacitance"; VariantName = "[No Variations]"
Change component parameters (AddParameter): Name = "spicePre"; Value = "C"; VariantName = "[No Variations]"
Change component parameters (AddParameter): Name = "spiceSymbolName"; Value = "AMK107BJ106MA-T"; VariantName = "[No Variations]"
Change component parameters: Designator = "SD1" ("SD1"); Footprint = "TF-SMD_TF-115K"; UniqueID = "\QQJSZCMU" ("\QQJSZCMU")
Change component parameters (AddParameter): Name = "BOM_Manufacturer Part"; Value = ""; VariantName = "[No Variations]"
Change component parameters (AddParameter): Name = "BOM_Supplier"; Value = ""; VariantName = "[No Variations]"
Change component parameters (AddParameter): Name = "BOM_Supplier Part"; Value = ""; VariantName = "[No Variations]"
Change component parameters (AddParameter): Name = "Contributor"; Value = "LiShanwenGit"; VariantName = "[No Variations]"
Change component parameters (AddParameter): Name = "spicePre"; Value = "S"; VariantName = "[No Variations]"
Change component parameters (AddParameter): Name = "spiceSymbolName"; Value = "TF-nano"; VariantName = "[No Variations]"
Added Component: Designator=C55(C0603-S)
Add component (AddParameter): Name = "BOM_Manufacturer"; Value = "Taiyo Yuden"; VariantName = "[No Variations]"
Add component (AddParameter): Name = "BOM_Manufacturer Part"; Value = "AMK107BJ106MA-T"; VariantName = "[No Variations]"
Add component (AddParameter): Name = "BOM_Supplier"; Value = "LCSC"; VariantName = "[No Variations]"
Add component (AddParameter): Name = "BOM_Supplier Part"; Value = "C524952"; VariantName = "[No Variations]"
Add component (AddParameter): Name = "Contributor"; Value = "LCSC"; VariantName = "[No Variations]"
Add component (AddParameter): Name = "nameAlias"; Value = "Capacitance"; VariantName = "[No Variations]"
Add component (AddParameter): Name = "spicePre"; Value = "C"; VariantName = "[No Variations]"
Add component (AddParameter): Name = "spiceSymbolName"; Value = "AMK107BJ106MA-T"; VariantName = "[No Variations]"
Added Component: Designator=C56(C0603-S)
Add component (AddParameter): Name = "BOM_Manufacturer"; Value = "Taiyo Yuden"; VariantName = "[No Variations]"
Add component (AddParameter): Name = "BOM_Manufacturer Part"; Value = "AMK107BJ106MA-T"; VariantName = "[No Variations]"
Add component (AddParameter): Name = "BOM_Supplier"; Value = "LCSC"; VariantName = "[No Variations]"
Add component (AddParameter): Name = "BOM_Supplier Part"; Value = "C524952"; VariantName = "[No Variations]"
Add component (AddParameter): Name = "Contributor"; Value = "LCSC"; VariantName = "[No Variations]"
Add component (AddParameter): Name = "nameAlias"; Value = "Capacitance"; VariantName = "[No Variations]"
Add component (AddParameter): Name = "spicePre"; Value = "C"; VariantName = "[No Variations]"
Add component (AddParameter): Name = "spiceSymbolName"; Value = "AMK107BJ106MA-T"; VariantName = "[No Variations]"
Added Component: Designator=C57(C0603-S)
Add component (AddParameter): Name = "BOM_Manufacturer Part"; Value = ""; VariantName = "[No Variations]"
Add component (AddParameter): Name = "BOM_Supplier"; Value = ""; VariantName = "[No Variations]"
Add component (AddParameter): Name = "BOM_Supplier Part"; Value = ""; VariantName = "[No Variations]"
Add component (AddParameter): Name = "Contributor"; Value = "LCEDA_Lib"; VariantName = "[No Variations]"
Add component (AddParameter): Name = "nameAlias"; Value = "Value(F)"; VariantName = "[No Variations]"
Add component (AddParameter): Name = "spicePre"; Value = "C"; VariantName = "[No Variations]"
Add component (AddParameter): Name = "spiceSymbolName"; Value = "C_0603_US"; VariantName = "[No Variations]"
Added Component: Designator=C58(C0603-S)
Add component (AddParameter): Name = "BOM_Manufacturer"; Value = "Taiyo Yuden"; VariantName = "[No Variations]"
Add component (AddParameter): Name = "BOM_Manufacturer Part"; Value = "AMK107BJ106MA-T"; VariantName = "[No Variations]"
Add component (AddParameter): Name = "BOM_Supplier"; Value = "LCSC"; VariantName = "[No Variations]"
Add component (AddParameter): Name = "BOM_Supplier Part"; Value = "C524952"; VariantName = "[No Variations]"
Add component (AddParameter): Name = "Contributor"; Value = "LCSC"; VariantName = "[No Variations]"
Add component (AddParameter): Name = "nameAlias"; Value = "Capacitance"; VariantName = "[No Variations]"
Add component (AddParameter): Name = "spicePre"; Value = "C"; VariantName = "[No Variations]"
Add component (AddParameter): Name = "spiceSymbolName"; Value = "AMK107BJ106MA-T"; VariantName = "[No Variations]"
Added Component: Designator=C59(C0603-S)
Add component (AddParameter): Name = "BOM_Manufacturer Part"; Value = ""; VariantName = "[No Variations]"
Add component (AddParameter): Name = "BOM_Supplier"; Value = ""; VariantName = "[No Variations]"
Add component (AddParameter): Name = "BOM_Supplier Part"; Value = ""; VariantName = "[No Variations]"
Add component (AddParameter): Name = "Contributor"; Value = "LCEDA_Lib"; VariantName = "[No Variations]"
Add component (AddParameter): Name = "nameAlias"; Value = "Value(F)"; VariantName = "[No Variations]"
Add component (AddParameter): Name = "spicePre"; Value = "C"; VariantName = "[No Variations]"
Add component (AddParameter): Name = "spiceSymbolName"; Value = "C_0603_US"; VariantName = "[No Variations]"
Added Component: Designator=C60(C0603-S)
Add component (AddParameter): Name = "BOM_Manufacturer Part"; Value = ""; VariantName = "[No Variations]"
Add component (AddParameter): Name = "BOM_Supplier"; Value = ""; VariantName = "[No Variations]"
Add component (AddParameter): Name = "BOM_Supplier Part"; Value = ""; VariantName = "[No Variations]"
Add component (AddParameter): Name = "Contributor"; Value = "LCEDA_Lib"; VariantName = "[No Variations]"
Add component (AddParameter): Name = "nameAlias"; Value = "Value(F)"; VariantName = "[No Variations]"
Add component (AddParameter): Name = "spicePre"; Value = "C"; VariantName = "[No Variations]"
Add component (AddParameter): Name = "spiceSymbolName"; Value = "C_0603_US"; VariantName = "[No Variations]"
Added Component: Designator=CN1(AUDIO-SMD_CK3.5-20-1)
Add component (AddParameter): Name = "BOM_Manufacturer"; Value = "JINJIA"; VariantName = "[No Variations]"
Add component (AddParameter): Name = "BOM_Manufacturer Part"; Value = "CK3.5-20-1"; VariantName = "[No Variations]"
Add component (AddParameter): Name = "BOM_Supplier"; Value = "LCSC"; VariantName = "[No Variations]"
Add component (AddParameter): Name = "BOM_Supplier Part"; Value = "C718046"; VariantName = "[No Variations]"
Add component (AddParameter): Name = "Contributor"; Value = "LCSC"; VariantName = "[No Variations]"
Add component (AddParameter): Name = "spicePre"; Value = "C"; VariantName = "[No Variations]"
Add component (AddParameter): Name = "spiceSymbolName"; Value = "CK3.5-20-1"; VariantName = "[No Variations]"
Added Component: Designator=MIC1(MIC-TH_BD4.0-P2.00-D0.4-L-FD)
Add component (AddParameter): Name = "BOM_Manufacturer"; Value = "INGHAi"; VariantName = "[No Variations]"
Add component (AddParameter): Name = "BOM_Manufacturer Part"; Value = "GMI4015P-2C-40db"; VariantName = "[No Variations]"
Add component (AddParameter): Name = "BOM_Supplier"; Value = "LCSC"; VariantName = "[No Variations]"
Add component (AddParameter): Name = "BOM_Supplier Part"; Value = "C233291"; VariantName = "[No Variations]"
Add component (AddParameter): Name = "Contributor"; Value = "LCSC"; VariantName = "[No Variations]"
Add component (AddParameter): Name = "spicePre"; Value = "M"; VariantName = "[No Variations]"
Add component (AddParameter): Name = "spiceSymbolName"; Value = "GMI4015P-2C-40DB"; VariantName = "[No Variations]"
Added Component: Designator=POWER/TTL2(USB-C_SMD-TYPE-C-31-M-12)
Add component (AddParameter): Name = "BOM_Manufacturer"; Value = "Rectangular Connectors - Contacts"; VariantName = "[No Variations]"
Add component (AddParameter): Name = "BOM_Manufacturer Part"; Value = "TYPE-C-31-M-12"; VariantName = "[No Variations]"
Add component (AddParameter): Name = "BOM_Supplier"; Value = "LCSC"; VariantName = "[No Variations]"
Add component (AddParameter): Name = "BOM_Supplier Part"; Value = "C165948"; VariantName = "[No Variations]"
Add component (AddParameter): Name = "Contributor"; Value = "LCSC"; VariantName = "[No Variations]"
Add component (AddParameter): Name = "spicePre"; Value = "U"; VariantName = "[No Variations]"
Add component (AddParameter): Name = "spiceSymbolName"; Value = "TYPE-C-31-M-12"; VariantName = "[No Variations]"
Added Component: Designator=R35(R0603-S)
Add component (AddParameter): Name = "BOM_Manufacturer Part"; Value = ""; VariantName = "[No Variations]"
Add component (AddParameter): Name = "BOM_Supplier"; Value = ""; VariantName = "[No Variations]"
Add component (AddParameter): Name = "BOM_Supplier Part"; Value = ""; VariantName = "[No Variations]"
Add component (AddParameter): Name = "Contributor"; Value = "LCEDA_Lib"; VariantName = "[No Variations]"
Add component (AddParameter): Name = "nameAlias"; Value = "Value()"; VariantName = "[No Variations]"
Add component (AddParameter): Name = "spicePre"; Value = "R"; VariantName = "[No Variations]"
Add component (AddParameter): Name = "spiceSymbolName"; Value = "R_0603_EU"; VariantName = "[No Variations]"
Added Component: Designator=R36(R0603-S)
Add component (AddParameter): Name = "BOM_JLCPCB Part Class"; Value = "Extended Part"; VariantName = "[No Variations]"
Add component (AddParameter): Name = "BOM_Manufacturer"; Value = "PANASONIC"; VariantName = "[No Variations]"
Add component (AddParameter): Name = "BOM_Manufacturer Part"; Value = "ERA3ARB103V"; VariantName = "[No Variations]"
Add component (AddParameter): Name = "BOM_Supplier"; Value = "LCSC"; VariantName = "[No Variations]"
Add component (AddParameter): Name = "BOM_Supplier Part"; Value = "C465746"; VariantName = "[No Variations]"
Add component (AddParameter): Name = "Contributor"; Value = "LCSC"; VariantName = "[No Variations]"
Add component (AddParameter): Name = "nameAlias"; Value = "Resistance (Ohms)"; VariantName = "[No Variations]"
Add component (AddParameter): Name = "spicePre"; Value = "R"; VariantName = "[No Variations]"
Add component (AddParameter): Name = "spiceSymbolName"; Value = "ERA3ARB103V"; VariantName = "[No Variations]"
Added Component: Designator=R37(R0603-S)
Add component (AddParameter): Name = "BOM_JLCPCB Part Class"; Value = "Extended Part"; VariantName = "[No Variations]"
Add component (AddParameter): Name = "BOM_Manufacturer"; Value = "PANASONIC"; VariantName = "[No Variations]"
Add component (AddParameter): Name = "BOM_Manufacturer Part"; Value = "ERA3ARB103V"; VariantName = "[No Variations]"
Add component (AddParameter): Name = "BOM_Supplier"; Value = "LCSC"; VariantName = "[No Variations]"
Add component (AddParameter): Name = "BOM_Supplier Part"; Value = "C465746"; VariantName = "[No Variations]"
Add component (AddParameter): Name = "Contributor"; Value = "LCSC"; VariantName = "[No Variations]"
Add component (AddParameter): Name = "nameAlias"; Value = "Resistance (Ohms)"; VariantName = "[No Variations]"
Add component (AddParameter): Name = "spicePre"; Value = "R"; VariantName = "[No Variations]"
Add component (AddParameter): Name = "spiceSymbolName"; Value = "ERA3ARB103V"; VariantName = "[No Variations]"
Added Component: Designator=R38(R0603-S)
Add component (AddParameter): Name = "BOM_JLCPCB Part Class"; Value = "Extended Part"; VariantName = "[No Variations]"
Add component (AddParameter): Name = "BOM_Manufacturer"; Value = "PANASONIC"; VariantName = "[No Variations]"
Add component (AddParameter): Name = "BOM_Manufacturer Part"; Value = "ERA3ARB103V"; VariantName = "[No Variations]"
Add component (AddParameter): Name = "BOM_Supplier"; Value = "LCSC"; VariantName = "[No Variations]"
Add component (AddParameter): Name = "BOM_Supplier Part"; Value = "C465746"; VariantName = "[No Variations]"
Add component (AddParameter): Name = "Contributor"; Value = "LCSC"; VariantName = "[No Variations]"
Add component (AddParameter): Name = "nameAlias"; Value = "Resistance (Ohms)"; VariantName = "[No Variations]"
Add component (AddParameter): Name = "spicePre"; Value = "R"; VariantName = "[No Variations]"
Add component (AddParameter): Name = "spiceSymbolName"; Value = "ERA3ARB103V"; VariantName = "[No Variations]"
Added Component: Designator=R39(R0603-S)
Add component (AddParameter): Name = "BOM_Manufacturer"; Value = "Ever Ohms Tech"; VariantName = "[No Variations]"
Add component (AddParameter): Name = "BOM_Manufacturer Part"; Value = "CR0603F12R4P05"; VariantName = "[No Variations]"
Add component (AddParameter): Name = "BOM_Supplier"; Value = "LCSC"; VariantName = "[No Variations]"
Add component (AddParameter): Name = "BOM_Supplier Part"; Value = "C429019"; VariantName = "[No Variations]"
Add component (AddParameter): Name = "Contributor"; Value = "LCSC"; VariantName = "[No Variations]"
Add component (AddParameter): Name = "nameAlias"; Value = "Resistance (Ohms)"; VariantName = "[No Variations]"
Add component (AddParameter): Name = "spicePre"; Value = "R"; VariantName = "[No Variations]"
Add component (AddParameter): Name = "spiceSymbolName"; Value = "CR0603F12R4P05"; VariantName = "[No Variations]"
Added Component: Designator=SW1(SW-SMD_L4.7-W3.5-P3.35-EH)
Add component (AddParameter): Name = "BOM_JLCPCB Part Class"; Value = "Extended Part"; VariantName = "[No Variations]"
Add component (AddParameter): Name = "BOM_Manufacturer"; Value = "G-Switch(Ʒ)"; VariantName = "[No Variations]"
Add component (AddParameter): Name = "BOM_Manufacturer Part"; Value = "GT-TC018B-H0375-L1"; VariantName = "[No Variations]"
Add component (AddParameter): Name = "BOM_Supplier"; Value = "LCSC"; VariantName = "[No Variations]"
Add component (AddParameter): Name = "BOM_Supplier Part"; Value = "C2762970"; VariantName = "[No Variations]"
Add component (AddParameter): Name = "Contributor"; Value = "LCSC"; VariantName = "[No Variations]"
Add component (AddParameter): Name = "spicePre"; Value = "S"; VariantName = "[No Variations]"
Add component (AddParameter): Name = "spiceSymbolName"; Value = "GT-TC018B-H0375-L1"; VariantName = "[No Variations]"
Added Component: Designator=SW2(SW-SMD_L4.7-W3.5-P3.35-EH)
Add component (AddParameter): Name = "BOM_JLCPCB Part Class"; Value = "Extended Part"; VariantName = "[No Variations]"
Add component (AddParameter): Name = "BOM_Manufacturer"; Value = "G-Switch(Ʒ)"; VariantName = "[No Variations]"
Add component (AddParameter): Name = "BOM_Manufacturer Part"; Value = "GT-TC018B-H0375-L1"; VariantName = "[No Variations]"
Add component (AddParameter): Name = "BOM_Supplier"; Value = "LCSC"; VariantName = "[No Variations]"
Add component (AddParameter): Name = "BOM_Supplier Part"; Value = "C2762970"; VariantName = "[No Variations]"
Add component (AddParameter): Name = "Contributor"; Value = "LCSC"; VariantName = "[No Variations]"
Add component (AddParameter): Name = "spicePre"; Value = "S"; VariantName = "[No Variations]"
Add component (AddParameter): Name = "spiceSymbolName"; Value = "GT-TC018B-H0375-L1"; VariantName = "[No Variations]"
Added Component: Designator=SW3(SW-SMD_L4.7-W3.5-P3.35-EH)
Add component (AddParameter): Name = "BOM_JLCPCB Part Class"; Value = "Extended Part"; VariantName = "[No Variations]"
Add component (AddParameter): Name = "BOM_Manufacturer"; Value = "G-Switch(Ʒ)"; VariantName = "[No Variations]"
Add component (AddParameter): Name = "BOM_Manufacturer Part"; Value = "GT-TC018B-H0375-L1"; VariantName = "[No Variations]"
Add component (AddParameter): Name = "BOM_Supplier"; Value = "LCSC"; VariantName = "[No Variations]"
Add component (AddParameter): Name = "BOM_Supplier Part"; Value = "C2762970"; VariantName = "[No Variations]"
Add component (AddParameter): Name = "Contributor"; Value = "LCSC"; VariantName = "[No Variations]"
Add component (AddParameter): Name = "spicePre"; Value = "S"; VariantName = "[No Variations]"
Add component (AddParameter): Name = "spiceSymbolName"; Value = "GT-TC018B-H0375-L1"; VariantName = "[No Variations]"
Added Component: Designator=U9(1.14IPS)
Add component (AddParameter): Name = "BOM_Manufacturer Part"; Value = ""; VariantName = "[No Variations]"
Add component (AddParameter): Name = "BOM_Supplier"; Value = ""; VariantName = "[No Variations]"
Add component (AddParameter): Name = "BOM_Supplier Part"; Value = ""; VariantName = "[No Variations]"
Add component (AddParameter): Name = "Contributor"; Value = "LiShanwenGit"; VariantName = "[No Variations]"
Add component (AddParameter): Name = "spicePre"; Value = "U"; VariantName = "[No Variations]"
Add component (AddParameter): Name = "spiceSymbolName"; Value = "1.14IPS-TFT"; VariantName = "[No Variations]"
Added Pin To Net: NetName=5VIN Pin=C2-1
Added Pin To Net: NetName=GND Pin=C2-2
Added Pin To Net: NetName=GND Pin=C13-1
Added Pin To Net: NetName=+3V3 Pin=C13-2
Added Pin To Net: NetName=5VIN Pin=C14-1
Added Pin To Net: NetName=GND Pin=C14-2
Added Pin To Net: NetName=GND Pin=C17-1
Added Pin To Net: NetName=+1V8 Pin=C17-2
Added Pin To Net: NetName=5VIN Pin=C18-1
Added Pin To Net: NetName=GND Pin=C18-2
Added Pin To Net: NetName=GND Pin=C20-1
Added Pin To Net: NetName=+1V2 Pin=C20-2
Added Pin To Net: NetName=5VIN Pin=C21-2
Added Pin To Net: NetName=+3V0 Pin=C22-2
Added Pin To Net: NetName=DRAM_VREF Pin=C25-1
Added Pin To Net: NetName=+1V8 Pin=C25-2
Added Pin To Net: NetName=+3V3 Pin=C26-1
Added Pin To Net: NetName=GND Pin=C26-2
Added Pin To Net: NetName=GND Pin=C35-1
Added Pin To Net: NetName=+1V8 Pin=C35-2
Added Pin To Net: NetName=+1V8 Pin=C36-2
Added Pin To Net: NetName=+1V2 Pin=C41-2
Added Pin To Net: NetName=+1V2 Pin=C42-2
Added Pin To Net: NetName=DRAM_VREF Pin=C49-2
Added Pin To Net: NetName=RESET Pin=C50-1
Added Pin To Net: NetName=GND Pin=C50-2
Added Pin To Net: NetName=RESET Pin=C51-1
Added Pin To Net: NetName=RESET Pin=C52-1
Added Pin To Net: NetName=+3V3 Pin=C55-1
Added Pin To Net: NetName=GND Pin=C55-2
Added Pin To Net: NetName=GND Pin=C56-1
Added Pin To Net: NetName=+3V3 Pin=C56-2
Added Pin To Net: NetName=HPCOM Pin=C57-1
Added Pin To Net: NetName=+3V3 Pin=C58-1
Added Pin To Net: NetName=GND Pin=C58-2
Added Pin To Net: NetName=GND Pin=C59-2
Added Pin To Net: NetName=HPCOM Pin=CN1-1
Added Pin To Net: NetName=HPCOM Pin=CN1-1
Added Pin To Net: NetName=HP_R Pin=CN1-2
Added Pin To Net: NetName=HP_R Pin=CN1-2
Added Pin To Net: NetName=HP_L Pin=CN1-3
Added Pin To Net: NetName=HP_L Pin=CN1-3
Added Pin To Net: NetName=GND Pin=MIC1-2
Added Pin To Net: NetName=GND Pin=POWER/TTL2-0
Added Pin To Net: NetName=GND Pin=POWER/TTL2-0
Added Pin To Net: NetName=GND Pin=POWER/TTL2-0
Added Pin To Net: NetName=GND Pin=POWER/TTL2-0
Added Pin To Net: NetName=GND Pin=POWER/TTL2-A1
Added Pin To Net: NetName=+5V Pin=POWER/TTL2-A4
Added Pin To Net: NetName=USB_P Pin=POWER/TTL2-A6
Added Pin To Net: NetName=USB_N Pin=POWER/TTL2-A7
Added Pin To Net: NetName=+5V Pin=POWER/TTL2-A9
Added Pin To Net: NetName=GND Pin=POWER/TTL2-A12
Added Pin To Net: NetName=GND Pin=POWER/TTL2-B1
Added Pin To Net: NetName=+5V Pin=POWER/TTL2-B4
Added Pin To Net: NetName=USB_P Pin=POWER/TTL2-B6
Added Pin To Net: NetName=USB_N Pin=POWER/TTL2-B7
Added Pin To Net: NetName=+5V Pin=POWER/TTL2-B9
Added Pin To Net: NetName=GND Pin=POWER/TTL2-B12
Added Pin To Net: NetName=RESET Pin=R21-2
Added Pin To Net: NetName=+3V3 Pin=R25-1
Added Pin To Net: NetName=RESET Pin=R26-2
Added Pin To Net: NetName=RESET Pin=R27-2
Added Pin To Net: NetName=+3V3 Pin=R28-2
Added Pin To Net: NetName=SDC1_CLK Pin=R29-2
Added Pin To Net: NetName=SDC1_CMD Pin=R30-2
Added Pin To Net: NetName=SDC1_D3 Pin=R31-2
Added Pin To Net: NetName=+3V3 Pin=R32-1
Added Pin To Net: NetName=SDC1_D2 Pin=R32-2
Added Pin To Net: NetName=+3V3 Pin=R33-1
Added Pin To Net: NetName=+3V3 Pin=R34-1
Added Pin To Net: NetName=GND Pin=R35-1
Added Pin To Net: NetName=+3V3 Pin=R36-2
Added Pin To Net: NetName=SDC1_D1 Pin=R37-1
Added Pin To Net: NetName=+3V3 Pin=R37-2
Added Pin To Net: NetName=SDC1_D0 Pin=R38-1
Added Pin To Net: NetName=+3V3 Pin=R38-2
Added Pin To Net: NetName=+3V3 Pin=R39-2
Added Pin To Net: NetName=NetR24_2 Pin=SD1-2
Added Pin To Net: NetName=NetR23_2 Pin=SD1-3
Added Pin To Net: NetName=NetR22_2 Pin=SD1-7
Added Pin To Net: NetName=RESET Pin=SW1-1
Added Pin To Net: NetName=GND Pin=SW1-2
Added Pin To Net: NetName=GND Pin=SW1-3
Added Pin To Net: NetName=GND Pin=SW1-4
Added Pin To Net: NetName=RESET Pin=SW2-1
Added Pin To Net: NetName=GND Pin=SW2-2
Added Pin To Net: NetName=GND Pin=SW2-3
Added Pin To Net: NetName=GND Pin=SW2-4
Added Pin To Net: NetName=RESET Pin=SW3-1
Added Pin To Net: NetName=GND Pin=SW3-2
Added Pin To Net: NetName=GND Pin=SW3-3
Added Pin To Net: NetName=GND Pin=SW3-4
Added Pin To Net: NetName=LCD_SDA Pin=U9-3
Added Pin To Net: NetName=LCD_SCL Pin=U9-4
Added Pin To Net: NetName=LCD_DC Pin=U9-5
Added Pin To Net: NetName=LCD_RST Pin=U9-6
Added Pin To Net: NetName=GND Pin=U9-7
Added Pin To Net: NetName=GND Pin=U9-8
Added Pin To Net: NetName=GND Pin=U9-11
Added Pin To Net: NetName=GND Pin=U9-13
Added Pin To Net: NetName=3V3 Pin=C59-1
Added Pin To Net: NetName=3V3 Pin=U9-10
Added Pin To Net: NetName=3V3 Pin=U9-12
Added Net: Name=3V3
Added Pin To Net: NetName=NetC1_1 Pin=C1-1
Added Pin To Net: NetName=NetC1_1 Pin=U1-113
Added Net: Name=NetC1_1
Added Pin To Net: NetName=NetC57_2 Pin=C57-2
Added Pin To Net: NetName=NetC57_2 Pin=R35-2
Added Net: Name=NetC57_2
Added Pin To Net: NetName=NetC60_1 Pin=C60-1
Added Pin To Net: NetName=NetC60_1 Pin=U1-114
Added Net: Name=NetC60_1
Added Pin To Net: NetName=NetC60_2 Pin=C60-2
Added Pin To Net: NetName=NetC60_2 Pin=MIC1-1
Added Pin To Net: NetName=NetC60_2 Pin=R39-1
Added Net: Name=NetC60_2
Added Pin To Net: NetName=NetR25_2 Pin=R25-2
Added Pin To Net: NetName=NetR25_2 Pin=SD1-1
Added Net: Name=NetR25_2
Added Pin To Net: NetName=NetR28_1 Pin=R28-1
Added Pin To Net: NetName=NetR28_1 Pin=SD1-8
Added Net: Name=NetR28_1
Added Pin To Net: NetName=NetR33_2 Pin=R33-2
Added Pin To Net: NetName=NetR33_2 Pin=U8-13
Added Net: Name=NetR33_2
Added Pin To Net: NetName=NetR34_2 Pin=R34-2
Added Pin To Net: NetName=NetR34_2 Pin=U8-12
Added Net: Name=NetR34_2
Added Pin To Net: NetName=NetR36_1 Pin=R36-1
Added Pin To Net: NetName=NetR36_1 Pin=U8-34
Added Net: Name=NetR36_1
Change Class Name : Old Net Name=linux-H-Power New Net Name=linux-H-zero
Added Member To Class: ClassName=linux-H-zero Member=Component C1 1uF
Added Member To Class: ClassName=linux-H-zero Member=Component C2 10uF
Added Member To Class: ClassName=linux-H-zero Member=Component C3 10uF
Added Member To Class: ClassName=linux-H-zero Member=Component C4 1uF
Added Member To Class: ClassName=linux-H-zero Member=Component C5 10uF
Added Member To Class: ClassName=linux-H-zero Member=Component C6 100nF
Added Member To Class: ClassName=linux-H-zero Member=Component C7 100nF
Added Member To Class: ClassName=linux-H-zero Member=Component C8 10uF
Added Member To Class: ClassName=linux-H-zero Member=Component C9 15pF
Added Member To Class: ClassName=linux-H-zero Member=Component C10 15pF
Added Member To Class: ClassName=linux-H-zero Member=Component C11 15pF
Added Member To Class: ClassName=linux-H-zero Member=Component C12 15pF
Added Member To Class: ClassName=linux-H-PIN Member=Component C15 10uF
Added Member To Class: ClassName=linux-H-PIN Member=Component C16 100nF
Added Member To Class: ClassName=linux-H-PIN Member=Component C19 10uF
Added Member To Class: ClassName=linux-H-PIN Member=Component C50 10uF
Added Member To Class: ClassName=linux-H-PIN Member=Component C55 10uF
Added Member To Class: ClassName=linux-H-PIN Member=Component C56 4.7uF
Added Member To Class: ClassName=linux-H-PIN Member=Component C57 104
Added Member To Class: ClassName=linux-H-PIN Member=Component C58 10uF
Added Member To Class: ClassName=linux-H-PIN Member=Component C59 4.7uF
Added Member To Class: ClassName=linux-H-PIN Member=Component C60 104
Added Member To Class: ClassName=linux-H-PIN Member=Component CN1 CK3.5-20-1
Added Member To Class: ClassName=linux-H-PIN Member=Component LED1 LED0603
Added Member To Class: ClassName=linux-H-PIN Member=Component LED2 LED0603
Added Member To Class: ClassName=linux-H-PIN Member=Component LED3 LED0603
Added Member To Class: ClassName=linux-H-PIN Member=Component LED4 LED0603
Added Member To Class: ClassName=linux-H-PIN Member=Component MIC1 GMI4015
Added Member To Class: ClassName=linux-H-PIN Member=Component POWER/TTL1 TYPE-C-31-M-12
Added Member To Class: ClassName=linux-H-PIN Member=Component POWER/TTL2 TYPE-C-31-M-12
Added Member To Class: ClassName=linux-H-zero Member=Component R1 200K
Added Member To Class: ClassName=linux-H-zero Member=Component R2 10K
Added Member To Class: ClassName=linux-H-zero Member=Component R3 6K
Added Member To Class: ClassName=linux-H-zero Member=Component R4 240R
Added Member To Class: ClassName=linux-H-zero Member=Component R5 10K
Added Member To Class: ClassName=linux-H-zero Member=Component R6 10K
Added Member To Class: ClassName=linux-H-PIN Member=Component R7 470
Added Member To Class: ClassName=linux-H-PIN Member=Component R9 470
Added Member To Class: ClassName=linux-H-PIN Member=Component R13 200K
Added Member To Class: ClassName=linux-H-PIN Member=Component R15 2K
Added Member To Class: ClassName=linux-H-PIN Member=Component R17 2K
Added Member To Class: ClassName=linux-H-PIN Member=Component R18 2K
Added Member To Class: ClassName=linux-H-PIN Member=Component R35 22R
Added Member To Class: ClassName=linux-H-PIN Member=Component R36 10K
Added Member To Class: ClassName=linux-H-PIN Member=Component R37 10K
Added Member To Class: ClassName=linux-H-PIN Member=Component R38 10K
Added Member To Class: ClassName=linux-H-PIN Member=Component R39 2k
Added Member To Class: ClassName=linux-H-PIN Member=Component SW1 GT-TC018B-H0375-L1
Added Member To Class: ClassName=linux-H-PIN Member=Component SW2 GT-TC018B-H0375-L1
Added Member To Class: ClassName=linux-H-PIN Member=Component SW3 GT-TC018B-H0375-L1
Added Member To Class: ClassName=linux-H-zero Member=Component U1 IC-V3S
Added Member To Class: ClassName=linux-H-PIN Member=Component U3 TLC-NSMD005
Added Member To Class: ClassName=linux-H-PIN Member=Component U6 CH340E
Added Member To Class: ClassName=linux-H-PIN Member=Component U9 1.14IPS-TFT
Added Member To Class: ClassName=linux-H-zero Member=Component Y1 32.768KHz
Added Member To Class: ClassName=linux-H-zero Member=Component Y2 24MHz
Added Room: Name=linux-H-pin
Added Room: Name=linux-H-zero
